12:08:37.260 [main] INFO  Factory.CucumberBaseClass - **** Search button is clicked and Web Development is Searched ***
12:08:38.953 [main] INFO  Factory.CucumberBaseClass - *** English Checkbox is Selected ***
12:08:39.614 [main] INFO  Factory.CucumberBaseClass - *** Beginner Checkbox is Selected ***
12:08:41.916 [main] INFO  Factory.CucumberBaseClass - *** 1st Course Card is Clicked ***
12:08:52.199 [main] INFO  Factory.CucumberBaseClass - *** Title, Rating and Duration of 1st Course is Printed ***
12:08:52.434 [main] INFO  Factory.CucumberBaseClass - *** 2nd Course Card is Clicked ***
12:09:03.758 [main] INFO  Factory.CucumberBaseClass - *** Title, Rating and Duration of 2nd Course is Printed ***
12:10:09.141 [main] INFO  Factory.CucumberBaseClass - *** earch Bar is Clicked ***
12:10:19.549 [main] INFO  Factory.CucumberBaseClass - *** Language Learning is Searched ***
12:10:20.492 [main] INFO  Factory.CucumberBaseClass - **** SeeMore is Clicked ****
12:10:23.315 [main] INFO  Factory.CucumberBaseClass - **** List of Languages and their Count is Printed ****
12:10:23.553 [main] INFO  Factory.CucumberBaseClass - **** Language box is Closed ****
12:10:23.766 [main] INFO  Factory.CucumberBaseClass - **** List of Levels and their Count is Printed ****
12:11:58.244 [main] INFO  Factory.CucumberBaseClass - **** For Enterprises is Clicked ****
12:12:04.924 [main] INFO  Factory.CucumberBaseClass - **** Click Offer is Clicked ****
12:12:10.676 [main] INFO  Factory.CucumberBaseClass - **** Course is Clicked ****
12:12:18.841 [main] INFO  Factory.CucumberBaseClass - **** Form is Submitted Successfully ****
12:12:22.177 [main] INFO  Factory.CucumberBaseClass - **** Error Message is Printed ****
12:20:46.532 [main] INFO  test_case.TC001 - **** Search button is clicked and Web Development is Searched ****
12:20:47.641 [main] INFO  test_case.TC001 - **** English Checkbox is Selected ****
12:20:48.189 [main] INFO  test_case.TC001 - **** Beginner Checkbox is Selected ****
12:20:50.951 [main] INFO  test_case.TC001 - **** 1st Course Card is Clicked ****
12:21:00.186 [main] INFO  test_case.TC001 - **** Title, Rating and Duration of 1st Course is Printed ****
12:21:01.052 [main] INFO  test_case.TC001 - **** 2nd Course Card is Clicked ****
12:21:10.418 [main] INFO  test_case.TC001 - **** Title, Rating and Duration of 2nd Course is Printed ****
12:24:29.639 [main] INFO  test_case.TC001 - **** Search button is clicked and Web Development is Searched ****
12:24:33.373 [main] INFO  test_case.TC001 - **** English Checkbox is Selected ****
12:24:36.341 [main] INFO  test_case.TC001 - **** Beginner Checkbox is Selected ****
12:24:39.097 [main] INFO  test_case.TC001 - **** 1st Course Card is Clicked ****
12:24:49.906 [main] INFO  test_case.TC001 - **** Title, Rating and Duration of 1st Course is Printed ****
12:24:50.727 [main] INFO  test_case.TC001 - **** 2nd Course Card is Clicked ****
12:24:59.506 [main] INFO  test_case.TC001 - **** Title, Rating and Duration of 2nd Course is Printed ****
12:28:42.894 [main] INFO  test_case.TC001 - **** Search button is clicked and Web Development is Searched ****
12:28:44.111 [main] INFO  test_case.TC001 - **** English Checkbox is Selected ****
12:28:46.337 [main] INFO  test_case.TC001 - **** Beginner Checkbox is Selected ****
12:28:48.021 [main] INFO  test_case.TC001 - **** 1st Course Card is Clicked ****
12:28:57.200 [main] INFO  test_case.TC001 - **** Title, Rating and Duration of 1st Course is Printed ****
12:28:58.176 [main] INFO  test_case.TC001 - **** 2nd Course Card is Clicked ****
12:29:06.022 [main] INFO  test_case.TC001 - **** Title, Rating and Duration of 2nd Course is Printed ****
12:32:25.732 [main] INFO  test_case.TC001 - **** Search button is clicked and Web Development is Searched ****
12:32:27.209 [main] INFO  test_case.TC001 - **** English Checkbox is Selected ****
12:32:27.613 [main] INFO  test_case.TC001 - **** Beginner Checkbox is Selected ****
12:32:30.312 [main] INFO  test_case.TC001 - **** 1st Course Card is Clicked ****
12:32:39.664 [main] INFO  test_case.TC001 - **** Title, Rating and Duration of 1st Course is Printed ****
12:32:40.319 [main] INFO  test_case.TC001 - **** 2nd Course Card is Clicked ****
12:32:49.726 [main] INFO  test_case.TC001 - **** Title, Rating and Duration of 2nd Course is Printed ****
12:33:00.464 [main] INFO  test_case.TC001 - **** Navigated to Main Page ****
12:33:00.793 [main] INFO  test_case.TC001 - **** Search Bar is Clicked  ****
12:33:07.277 [main] INFO  test_case.TC001 - **** Language Learning is Searched ****
12:33:08.020 [main] INFO  test_case.TC001 - **** SeeMore is Clicked ****
12:33:09.875 [main] INFO  test_case.TC001 - **** List of Languages and their Count is Printed ****
12:33:10.085 [main] INFO  test_case.TC001 - **** Language box is Closed ****
12:33:10.248 [main] INFO  test_case.TC001 - **** List of Levels and their Count is Printed ****
12:33:21.189 [main] INFO  test_case.TC001 - **** For Enterprises is Clicked ****
12:33:27.309 [main] INFO  test_case.TC001 - **** Click Offer is Clicked ****
12:33:32.914 [main] INFO  test_case.TC001 - **** Course is Clicked ****
12:33:41.296 [main] INFO  test_case.TC001 - **** Form is Submitted Successfully ****
12:33:44.019 [main] INFO  test_case.TC001 - **** Error Message is Printed ****
12:55:08.973 [main] INFO  test_case.TC001 - **** Search button is clicked and Web Development is Searched ****
12:55:10.077 [main] INFO  test_case.TC001 - **** English Checkbox is Selected ****
12:55:12.776 [main] INFO  test_case.TC001 - **** Beginner Checkbox is Selected ****
12:55:14.567 [main] INFO  test_case.TC001 - **** 1st Course Card is Clicked ****
12:55:22.631 [main] INFO  test_case.TC001 - **** Title, Rating and Duration of 1st Course is Printed ****
12:55:23.365 [main] INFO  test_case.TC001 - **** 2nd Course Card is Clicked ****
12:55:35.341 [main] INFO  test_case.TC001 - **** Title, Rating and Duration of 2nd Course is Printed ****
12:55:46.426 [main] INFO  test_case.TC001 - **** Navigated to Main Page ****
12:55:46.679 [main] INFO  test_case.TC001 - **** Search Bar is Clicked  ****
12:55:54.213 [main] INFO  test_case.TC001 - **** Language Learning is Searched ****
12:55:56.079 [main] INFO  test_case.TC001 - **** SeeMore is Clicked ****
12:55:57.363 [main] INFO  test_case.TC001 - **** List of Languages and their Count is Printed ****
12:55:57.609 [main] INFO  test_case.TC001 - **** Language box is Closed ****
12:55:57.827 [main] INFO  test_case.TC001 - **** List of Levels and their Count is Printed ****
12:56:10.954 [main] INFO  test_case.TC001 - **** For Enterprises is Clicked ****
12:56:17.345 [main] INFO  test_case.TC001 - **** Click Offer is Clicked ****
12:56:23.067 [main] INFO  test_case.TC001 - **** Course is Clicked ****
12:56:29.477 [main] INFO  test_case.TC001 - **** Form is Submitted Successfully ****
12:56:32.075 [main] INFO  test_case.TC001 - **** Error Message is Printed ****
13:02:39.202 [main] INFO  Factory.CucumberBaseClass - **** Search button is clicked and Web Development is Searched ***
13:02:40.894 [main] INFO  Factory.CucumberBaseClass - *** English Checkbox is Selected ***
13:02:41.506 [main] INFO  Factory.CucumberBaseClass - *** Beginner Checkbox is Selected ***
13:02:45.113 [main] INFO  Factory.CucumberBaseClass - *** 1st Course Card is Clicked ***
13:02:57.179 [main] INFO  Factory.CucumberBaseClass - *** Title, Rating and Duration of 1st Course is Printed ***
13:02:57.614 [main] INFO  Factory.CucumberBaseClass - *** 2nd Course Card is Clicked ***
13:03:09.766 [main] INFO  Factory.CucumberBaseClass - *** Title, Rating and Duration of 2nd Course is Printed ***
13:03:43.780 [main] INFO  Factory.CucumberBaseClass - *** Search Bar is Clicked ***
13:03:53.104 [main] INFO  Factory.CucumberBaseClass - *** Language Learning is Searched ***
13:03:54.163 [main] INFO  Factory.CucumberBaseClass - **** SeeMore is Clicked ****
13:03:56.784 [main] INFO  Factory.CucumberBaseClass - **** List of Languages and their Count is Printed ****
13:03:57.130 [main] INFO  Factory.CucumberBaseClass - **** Language box is Closed ****
13:03:57.315 [main] INFO  Factory.CucumberBaseClass - **** List of Levels and their Count is Printed ****
13:04:45.760 [main] INFO  Factory.CucumberBaseClass - **** For Enterprises is Clicked ****
13:04:52.512 [main] INFO  Factory.CucumberBaseClass - **** Click Offer is Clicked ****
13:04:59.887 [main] INFO  Factory.CucumberBaseClass - **** Course is Clicked ****
13:05:06.594 [main] INFO  Factory.CucumberBaseClass - **** Form is Submitted Successfully ****
13:05:09.535 [main] INFO  Factory.CucumberBaseClass - **** Error Message is Printed ****
15:06:35.194 [main] INFO  test_case.TC001 - **** Search button is clicked and Web Development is Searched ****
15:06:36.823 [main] INFO  test_case.TC001 - **** English Checkbox is Selected ****
15:06:40.465 [main] INFO  test_case.TC001 - **** Beginner Checkbox is Selected ****
15:06:43.227 [main] INFO  test_case.TC001 - **** 1st Course Card is Clicked ****
15:07:25.063 [main] INFO  test_case.TC001 - **** Title, Rating and Duration of 1st Course is Printed ****
15:07:26.409 [main] INFO  test_case.TC001 - **** 2nd Course Card is Clicked ****
15:08:05.047 [main] INFO  test_case.TC001 - **** Title, Rating and Duration of 2nd Course is Printed ****
15:08:51.792 [main] INFO  test_case.TC001 - **** Navigated to Main Page ****
15:08:52.120 [main] INFO  test_case.TC001 - **** Search Bar is Clicked  ****
15:09:37.336 [main] INFO  test_case.TC001 - **** Language Learning is Searched ****
15:09:38.334 [main] INFO  test_case.TC001 - **** SeeMore is Clicked ****
15:09:39.196 [main] INFO  test_case.TC001 - **** List of Languages and their Count is Printed ****
15:09:39.379 [main] INFO  test_case.TC001 - **** Language box is Closed ****
15:09:39.505 [main] INFO  test_case.TC001 - **** List of Levels and their Count is Printed ****
15:10:52.515 [main] INFO  test_case.TC001 - **** For Enterprises is Clicked ****
15:11:25.663 [main] INFO  test_case.TC001 - **** Click Offer is Clicked ****
15:12:07.700 [main] INFO  test_case.TC001 - **** Course is Clicked ****
15:12:12.191 [main] INFO  test_case.TC001 - **** Form is Submitted Successfully ****
15:18:13.855 [main] INFO  test_case.TC003 - **** For Enterprises is Clicked ****
15:18:56.444 [main] INFO  test_case.TC003 - **** Click Offer is Clicked ****
15:19:43.063 [main] INFO  test_case.TC003 - **** Course is Clicked ****
15:24:06.623 [main] INFO  test_case.TC003 - **** For Enterprises is Clicked ****
15:25:06.423 [main] INFO  test_case.TC003 - **** Click Offer is Clicked ****
15:25:49.912 [main] INFO  test_case.TC003 - **** Course is Clicked ****
15:25:58.657 [main] INFO  test_case.TC003 - **** Form is Submitted Successfully ****
15:33:34.108 [main] INFO  test_case.TC003 - **** For Enterprises is Clicked ****
15:34:22.562 [main] INFO  test_case.TC003 - **** Click Offer is Clicked ****
15:35:34.546 [main] INFO  test_case.TC003 - **** Course is Clicked ****
15:38:36.296 [main] INFO  test_case.TC003 - **** For Enterprises is Clicked ****
15:39:09.164 [main] INFO  test_case.TC003 - **** Click Offer is Clicked ****
15:41:57.805 [main] INFO  test_case.TC003 - **** For Enterprises is Clicked ****
15:42:24.749 [main] INFO  test_case.TC003 - **** Click Offer is Clicked ****
15:42:53.545 [main] INFO  test_case.TC003 - **** Course is Clicked ****
15:43:01.235 [main] INFO  test_case.TC003 - **** Form is Submitted Successfully ****
15:43:04.859 [main] INFO  test_case.TC003 - **** Error Message is Printed ****
16:11:25.165 [main] INFO  test_case.TC001 - **** Search button is clicked and Web Development is Searched ****
16:11:26.040 [main] INFO  test_case.TC001 - **** English Checkbox is Selected ****
16:11:26.559 [main] INFO  test_case.TC001 - **** Beginner Checkbox is Selected ****
16:11:29.176 [main] INFO  test_case.TC001 - **** 1st Course Card is Clicked ****
16:12:11.498 [main] INFO  test_case.TC001 - **** Title, Rating and Duration of 1st Course is Printed ****
16:12:12.222 [main] INFO  test_case.TC001 - **** 2nd Course Card is Clicked ****
16:12:49.725 [main] INFO  test_case.TC001 - **** Title, Rating and Duration of 2nd Course is Printed ****
16:13:27.292 [main] INFO  test_case.TC001 - **** Navigated to Main Page ****
16:13:27.505 [main] INFO  test_case.TC001 - **** Search Bar is Clicked  ****
16:14:02.453 [main] INFO  test_case.TC001 - **** Language Learning is Searched ****
16:14:03.196 [main] INFO  test_case.TC001 - **** SeeMore is Clicked ****
16:14:04.237 [main] INFO  test_case.TC001 - **** List of Languages and their Count is Printed ****
16:14:04.402 [main] INFO  test_case.TC001 - **** Language box is Closed ****
16:14:04.514 [main] INFO  test_case.TC001 - **** List of Levels and their Count is Printed ****
16:14:45.712 [main] INFO  test_case.TC001 - **** For Enterprises is Clicked ****
16:15:20.405 [main] INFO  test_case.TC001 - **** Click Offer is Clicked ****
16:16:34.916 [main] INFO  test_case.TC001 - **** Course is Clicked ****
16:16:39.466 [main] INFO  test_case.TC001 - **** Form is Submitted Successfully ****
16:16:46.698 [main] INFO  test_case.TC001 - **** Error Message is Printed ****
17:36:30.937 [main] INFO  test_case.TC001 - **** Search button is clicked and Web Development is Searched ****
17:36:32.046 [main] INFO  test_case.TC001 - **** English Checkbox is Selected ****
17:36:32.419 [main] INFO  test_case.TC001 - **** Beginner Checkbox is Selected ****
17:36:34.824 [main] INFO  test_case.TC001 - **** 1st Course Card is Clicked ****
17:37:25.063 [main] INFO  test_case.TC001 - **** Title, Rating and Duration of 1st Course is Printed ****
17:37:25.827 [main] INFO  test_case.TC001 - **** 2nd Course Card is Clicked ****
17:38:02.590 [main] INFO  test_case.TC001 - **** Title, Rating and Duration of 2nd Course is Printed ****
17:38:40.701 [main] INFO  test_case.TC001 - **** Navigated to Main Page ****
17:38:40.954 [main] INFO  test_case.TC001 - **** Search Bar is Clicked  ****
17:39:17.325 [main] INFO  test_case.TC001 - **** Language Learning is Searched ****
17:39:18.166 [main] INFO  test_case.TC001 - **** SeeMore is Clicked ****
17:39:21.411 [main] INFO  test_case.TC001 - **** List of Languages and their Count is Printed ****
17:39:21.564 [main] INFO  test_case.TC001 - **** Language box is Closed ****
17:39:21.895 [main] INFO  test_case.TC001 - **** List of Levels and their Count is Printed ****
17:40:00.045 [main] INFO  test_case.TC001 - **** For Enterprises is Clicked ****
17:40:34.910 [main] INFO  test_case.TC001 - **** Click Offer is Clicked ****
17:41:11.235 [main] INFO  test_case.TC001 - **** Course is Clicked ****
17:44:51.626 [main] INFO  test_case.TC003 - **** For Enterprises is Clicked ****
17:45:25.993 [main] INFO  test_case.TC003 - **** Click Offer is Clicked ****
17:46:01.076 [main] INFO  test_case.TC003 - **** Course is Clicked ****
17:46:10.226 [main] INFO  test_case.TC003 - **** Form is Submitted Successfully ****
17:46:12.961 [main] INFO  test_case.TC003 - **** Error Message is Printed ****
18:04:36.747 [main] INFO  Factory.CucumberBaseClass - **** Search button is clicked and Web Development is Searched ***
18:04:37.571 [main] INFO  Factory.CucumberBaseClass - *** English Checkbox is Selected ***
18:04:38.630 [main] INFO  Factory.CucumberBaseClass - *** Beginner Checkbox is Selected ***
18:04:40.794 [main] INFO  Factory.CucumberBaseClass - *** 1st Course Card is Clicked ***
18:05:31.831 [main] INFO  Factory.CucumberBaseClass - *** Search Bar is Clicked ***
18:06:09.863 [main] INFO  Factory.CucumberBaseClass - *** Language Learning is Searched ***
18:06:12.143 [main] INFO  Factory.CucumberBaseClass - **** SeeMore is Clicked ****
18:06:24.133 [main] INFO  Factory.CucumberBaseClass - **** List of Languages and their Count is Printed ****
18:06:24.402 [main] INFO  Factory.CucumberBaseClass - **** Language box is Closed ****
18:06:25.294 [main] INFO  Factory.CucumberBaseClass - **** List of Levels and their Count is Printed ****
18:06:36.643 [main] INFO  Factory.CucumberBaseClass - **** Search button is clicked and Web Development is Searched ***
18:06:40.265 [main] INFO  Factory.CucumberBaseClass - *** English Checkbox is Selected ***
18:06:41.527 [main] INFO  Factory.CucumberBaseClass - *** Beginner Checkbox is Selected ***
18:06:48.170 [main] INFO  Factory.CucumberBaseClass - *** 1st Course Card is Clicked ***
18:07:24.879 [main] INFO  Factory.CucumberBaseClass - **** For Enterprises is Clicked ****
18:07:27.186 [main] INFO  Factory.CucumberBaseClass - *** Title, Rating and Duration of 1st Course is Printed ***
18:07:27.398 [main] INFO  Factory.CucumberBaseClass - *** 2nd Course Card is Clicked ***
18:07:59.644 [main] INFO  Factory.CucumberBaseClass - **** Click Offer is Clicked ****
18:08:06.694 [main] INFO  Factory.CucumberBaseClass - *** Title, Rating and Duration of 2nd Course is Printed ***
18:08:28.404 [main] INFO  Factory.CucumberBaseClass - *** Search Bar is Clicked ***
18:08:36.176 [main] INFO  Factory.CucumberBaseClass - **** Course is Clicked ****
18:08:44.350 [main] INFO  Factory.CucumberBaseClass - **** Form is Submitted Successfully ****
18:08:49.771 [main] INFO  Factory.CucumberBaseClass - **** Error Message is Printed ****
18:09:04.497 [main] INFO  Factory.CucumberBaseClass - *** Language Learning is Searched ***
18:09:06.120 [main] INFO  Factory.CucumberBaseClass - **** SeeMore is Clicked ****
18:09:11.971 [main] INFO  Factory.CucumberBaseClass - **** List of Languages and their Count is Printed ****
18:09:12.154 [main] INFO  Factory.CucumberBaseClass - **** Language box is Closed ****
18:09:12.663 [main] INFO  Factory.CucumberBaseClass - **** List of Levels and their Count is Printed ****
18:10:11.842 [main] INFO  Factory.CucumberBaseClass - **** For Enterprises is Clicked ****
18:10:46.323 [main] INFO  Factory.CucumberBaseClass - **** Click Offer is Clicked ****
18:11:23.194 [main] INFO  Factory.CucumberBaseClass - **** Course is Clicked ****
18:11:28.936 [main] INFO  Factory.CucumberBaseClass - **** Form is Submitted Successfully ****
18:11:31.826 [main] INFO  Factory.CucumberBaseClass - **** Error Message is Printed ****
